#
# A fatal error has been detected by the Java Runtime Environment:
#
#  Internal Error (javaClasses.cpp:136), pid=8280, tid=7736
#  fatal error: Invalid layout of preloaded class
#
# JRE version:  (7.0_45-b18) (build )
# Java VM: Java HotSpot(TM) Client VM (24.45-b08 mixed mode windows-x86 )
# Failed to write core dump. Minidumps are not enabled by default on client versions of Windows
#
# If you would like to submit a bug report, please visit:
#   http://bugreport.sun.com/bugreport/crash.jsp
#

---------------  T H R E A D  ---------------

Current thread (0x009dc800):  JavaThread "Unknown thread" [_thread_in_vm, id=7736, stack(0x003b0000,0x00400000)]

Stack: [0x003b0000,0x00400000],  sp=0x003ff3d8,  free space=316k
Native frames: (J=compiled Java code, j=interpreted, Vv=VM code, C=native code)
V  [jvm.dll+0x18df51]
V  [jvm.dll+0x187cc6]
V  [jvm.dll+0x3586a]
V  [jvm.dll+0x358f6]
V  [jvm.dll+0x4400d]
V  [jvm.dll+0x442be]
V  [jvm.dll+0x9263a]
V  [jvm.dll+0x929eb]
V  [jvm.dll+0x13daf1]
V  [jvm.dll+0x1605fc]
V  [jvm.dll+0xc8ebf]
C  [javaw.exe+0x13ce]
C  [javaw.exe+0x1e40]
C  [javaw.exe+0xa5b1]
C  [javaw.exe+0xa63b]
C  [KERNEL32.DLL+0x17c04]
C  [ntdll.dll+0x5ad1f]
C  [ntdll.dll+0x5acea]


---------------  P R O C E S S  ---------------

Java Threads: ( => current thread )

Other Threads:

=>0x009dc800 (exited) JavaThread "Unknown thread" [_thread_in_vm, id=7736, stack(0x003b0000,0x00400000)]

VM state:not at safepoint (not fully initialized)

VM Mutex/Monitor currently owned by a thread: None

GC Heap History (0 events):
No events

Deoptimization events (0 events):
No events

Internal exceptions (0 events):
No events

Events (10 events):
Event: 0.007 loading class 0x0086b308 done
Event: 0.007 loading class 0x0086ad98 done
Event: 0.007 loading class 0x0086ad78
Event: 0.007 loading class 0x008720a0
Event: 0.007 loading class 0x008720a0 done
Event: 0.007 loading class 0x008720d0
Event: 0.007 loading class 0x008720d0 done
Event: 0.007 loading class 0x00872100
Event: 0.007 loading class 0x00872100 done
Event: 0.007 loading class 0x0086ad78 done


Dynamic libraries:
0x01000000 - 0x0102f000 	D:\ProgramFiles\Java\jre7\bin\javaw.exe
0x77470000 - 0x775de000 	C:\windows\SYSTEM32\ntdll.dll
0x76df0000 - 0x76f30000 	C:\windows\SYSTEM32\KERNEL32.DLL
0x76c30000 - 0x76d07000 	C:\windows\SYSTEM32\KERNELBASE.dll
0x72130000 - 0x721d0000 	C:\windows\system32\apphelp.dll
0x5a890000 - 0x5aaf6000 	C:\windows\AppPatch\AcGenral.DLL
0x77280000 - 0x77343000 	C:\windows\SYSTEM32\msvcrt.dll
0x75810000 - 0x75851000 	C:\windows\SYSTEM32\sechost.dll
0x74c70000 - 0x74c8e000 	C:\windows\SYSTEM32\SspiCli.dll
0x77350000 - 0x77395000 	C:\windows\SYSTEM32\SHLWAPI.dll
0x72560000 - 0x7264d000 	C:\windows\SYSTEM32\UxTheme.dll
0x74ca0000 - 0x74df3000 	C:\windows\SYSTEM32\USER32.dll
0x75550000 - 0x7565f000 	C:\windows\SYSTEM32\GDI32.dll
0x74680000 - 0x746a3000 	C:\windows\SYSTEM32\WINMM.dll
0x73b70000 - 0x73b83000 	C:\windows\SYSTEM32\samcli.dll
0x75130000 - 0x75259000 	C:\windows\SYSTEM32\ole32.dll
0x77030000 - 0x770c5000 	C:\windows\SYSTEM32\OLEAUT32.dll
0x6c9f0000 - 0x6ca07000 	C:\windows\SYSTEM32\MSACM32.dll
0x74bf0000 - 0x74bf8000 	C:\windows\SYSTEM32\VERSION.dll
0x75860000 - 0x76b0c000 	C:\windows\SYSTEM32\SHELL32.dll
0x74a30000 - 0x74a4b000 	C:\windows\SYSTEM32\USERENV.dll
0x71f30000 - 0x71f4a000 	C:\windows\SYSTEM32\dwmapi.dll
0x732e0000 - 0x7342a000 	C:\windows\SYSTEM32\urlmon.dll
0x76d70000 - 0x76dec000 	C:\windows\SYSTEM32\ADVAPI32.dll
0x74b80000 - 0x74be5000 	C:\windows\SYSTEM32\WINSPOOL.DRV
0x71f50000 - 0x71f66000 	C:\windows\SYSTEM32\MPR.dll
0x752b0000 - 0x7536a000 	C:\windows\SYSTEM32\RPCRT4.dll
0x74c60000 - 0x74c6a000 	C:\windows\SYSTEM32\CRYPTBASE.dll
0x75660000 - 0x757dd000 	C:\windows\SYSTEM32\combase.dll
0x74310000 - 0x74333000 	C:\windows\SYSTEM32\WINMMBASE.dll
0x74670000 - 0x7467f000 	C:\windows\SYSTEM32\profapi.dll
0x74430000 - 0x74662000 	C:\windows\SYSTEM32\iertutil.dll
0x746f0000 - 0x748d4000 	C:\windows\SYSTEM32\WININET.dll
0x74c00000 - 0x74c54000 	C:\windows\SYSTEM32\bcryptPrimitives.dll
0x75270000 - 0x752ac000 	C:\windows\SYSTEM32\cfgmgr32.dll
0x74b50000 - 0x74b71000 	C:\windows\SYSTEM32\DEVOBJ.dll
0x74280000 - 0x7430b000 	C:\windows\SYSTEM32\SHCORE.DLL
0x76bb0000 - 0x76bd7000 	C:\windows\system32\IMM32.DLL
0x770d0000 - 0x771e2000 	C:\windows\SYSTEM32\MSCTF.dll
0x72650000 - 0x72856000 	C:\windows\WinSxS\x86_microsoft.windows.common-controls_6595b64144ccf1df_6.0.9600.17810_none_a9edf09f013934e0\COMCTL32.dll
0x5a7d0000 - 0x5a88f000 	D:\ProgramFiles\Java\jre7\bin\msvcr100.dll
0x5c3a0000 - 0x5c720000 	D:\ProgramFiles\Java\jre7\bin\client\jvm.dll
0x724d0000 - 0x724d8000 	C:\windows\SYSTEM32\WSOCK32.dll
0x75260000 - 0x75266000 	C:\windows\SYSTEM32\PSAPI.DLL
0x76be0000 - 0x76c30000 	C:\windows\SYSTEM32\WS2_32.dll
0x75800000 - 0x75807000 	C:\windows\SYSTEM32\NSI.dll
0x67480000 - 0x6748c000 	D:\ProgramFiles\Java\jre7\bin\verify.dll
0x66180000 - 0x661a0000 	D:\ProgramFiles\Java\jre7\bin\java.dll
0x5a7a0000 - 0x5a7ca000 	D:\ProgramFiles\Java\jre7\bin\jdwp.dll
0x6e9c0000 - 0x6e9c7000 	D:\ProgramFiles\Java\jre7\bin\npt.dll
0x66160000 - 0x66173000 	D:\ProgramFiles\Java\jre7\bin\zip.dll
0x730c0000 - 0x73201000 	C:\windows\SYSTEM32\dbghelp.dll

VM Arguments:
jvm_args: -agentlib:jdwp=transport=dt_socket,suspend=y,address=localhost:5067 -Dfile.encoding=GBK -Xbootclasspath:D:\ProgramFiles\Android\adt-bundle-windows-x86-20131030\sdk\platforms\android-19\android.jar 
java_command: com.footmanager.Test
Launcher Type: SUN_STANDARD

Environment Variables:
JAVA_HOME=D:\ProgramFiles\Java\jdk1.7.0_45
CLASSPATH=.;D:\ProgramFiles\Java\jdk1.7.0_45\lib;D:\ProgramFiles\Java\jdk1.7.0_45\lib\tools.jar
PATH=D:/ProgramFiles/Java/jre7/bin/client;D:/ProgramFiles/Java/jre7/bin;D:/ProgramFiles/Java/jre7/lib/i386;D:\ProgramFiles\Python\;D:\ProgramFiles\Python\Scripts;C:\Program Files (x86)\NVIDIA Corporation\PhysX\Common;C:\Program Files (x86)\Intel\iCLS Client\;C:\Program Files\Intel\iCLS Client\;C:\windows\system32;C:\windows;C:\windows\System32\Wbem;C:\windows\System32\WindowsPowerShell\v1.0\;C:\Program Files\Intel\Intel(R) Management Engine Components\DAL;C:\Program Files\Intel\Intel(R) Management Engine Components\IPT;C:\Program Files (x86)\Intel\Intel(R) Management Engine Components\DAL;C:\Program Files (x86)\Intel\Intel(R) Management Engine Components\IPT;C:\Program Files\Lenovo\Bluetooth Software\;C:\Program Files\Lenovo\Bluetooth Software\syswow64;D:\ProgramFiles\Java\jdk1.7.0_45\bin;D:\ProgramFiles\Java\jdk1.7.0_45\jre\bin;C:\Program Files (x86)\Microsoft SQL Server\100\Tools\Binn\;C:\Program Files\Microsoft SQL Server\100\Tools\Binn\;C:\Program Files\Microsoft SQL Server\100\DTS\Binn\;C:\Program Files (x86)\MySQL\MySQL Server 5.1\bin;D:\ProgramFiles\Android\adt-bundle-windows-x86-20131030\eclipse;
USERNAME=Fyj
OS=Windows_NT
PROCESSOR_IDENTIFIER=Intel64 Family 6 Model 60 Stepping 3, GenuineIntel



---------------  S Y S T E M  ---------------

OS: Windows 8 , 64 bit Build 9200 

CPU:total 8 (4 cores per cpu, 2 threads per core) family 6 model 60 stepping 3, cmov, cx8, fxsr, mmx, sse, sse2, sse3, ssse3, sse4.1, sse4.2, popcnt, avx, avx2, aes, erms, ht, tsc, tscinvbit

Memory: 4k page, physical 8298776k(5126108k free), swap 9609496k(5738544k free)

vm_info: Java HotSpot(TM) Client VM (24.45-b08) for windows-x86 JRE (1.7.0_45-b18), built on Oct  8 2013 06:02:43 by "java_re" with unknown MS VC++:1600

time: Wed Aug 19 22:18:51 2015
elapsed time: 0 seconds

